# JRE version: OpenJDK Runtime Environment (17.0.11+9) (build 17.0.11+9-Ubuntu-123.10.1)
# Java VM: OpenJDK 64-Bit Server VM (17.0.11+9-Ubuntu-123.10.1, mixed mode, sharing, tiered, compressed oops, compressed class ptrs, g1 gc, linux-amd64)
GC Precious Log:
 CPUs: 12 total, 12 available
 Memory: 15802M
 Large Page Support: Disabled
 NUMA Support: Disabled
 Compressed Oops: Enabled (Zero based)
 Heap Region Size: 2M
 Heap Min Capacity: 8M
 Heap Initial Capacity: 248M
 Heap Max Capacity: 3952M
 Pre-touch: Disabled
 Parallel Workers: 10
 Concurrent Workers: 3
 Concurrent Refinement Workers: 10
 Periodic GC: Disabled
Heap:
 garbage-first heap   total 55296K, used 14599K [0x0000000709000000, 0x0000000800000000)
  region size 2048K, 4 young (8192K), 1 survivors (2048K)
 Metaspace       used 25842K, committed 26048K, reserved 1114112K
  class space    used 2616K, committed 2752K, reserved 1048576K
GC Heap History (10 events):
Event: 0.207 GC heap before
{Heap before GC invocations=0 (full 0):
 garbage-first heap   total 258048K, used 24496K [0x0000000709000000, 0x0000000800000000)
  region size 2048K, 11 young (22528K), 0 survivors (0K)
 Metaspace       used 5820K, committed 5952K, reserved 1114112K
  class space    used 544K, committed 576K, reserved 1048576K
}
Event: 0.209 GC heap after
{Heap after GC invocations=1 (full 0):
 garbage-first heap   total 258048K, used 7443K [0x0000000709000000, 0x0000000800000000)
  region size 2048K, 2 young (4096K), 2 survivors (4096K)
 Metaspace       used 5820K, committed 5952K, reserved 1114112K
  class space    used 544K, committed 576K, reserved 1048576K
}
Event: 0.630 GC heap before
{Heap before GC invocations=1 (full 0):
 garbage-first heap   total 258048K, used 42259K [0x0000000709000000, 0x0000000800000000)
  region size 2048K, 19 young (38912K), 2 survivors (4096K)
 Metaspace       used 14656K, committed 14848K, reserved 1114112K
  class space    used 1499K, committed 1600K, reserved 1048576K
}
Event: 0.635 GC heap after
{Heap after GC invocations=2 (full 0):
 garbage-first heap   total 258048K, used 8290K [0x0000000709000000, 0x0000000800000000)
  region size 2048K, 1 young (2048K), 1 survivors (2048K)
 Metaspace       used 14656K, committed 14848K, reserved 1114112K
  class space    used 1499K, committed 1600K, reserved 1048576K
}
Event: 1.830 GC heap before
{Heap before GC invocations=2 (full 0):
 garbage-first heap   total 258048K, used 53346K [0x0000000709000000, 0x0000000800000000)
  region size 2048K, 24 young (49152K), 1 survivors (2048K)
 Metaspace       used 21381K, committed 21504K, reserved 1114112K
  class space    used 2221K, committed 2304K, reserved 1048576K
}
Event: 1.832 GC heap after
{Heap after GC invocations=3 (full 0):
 garbage-first heap   total 258048K, used 9189K [0x0000000709000000, 0x0000000800000000)
  region size 2048K, 2 young (4096K), 2 survivors (4096K)
 Metaspace       used 21381K, committed 21504K, reserved 1114112K
  class space    used 2221K, committed 2304K, reserved 1048576K
}
Event: 2.717 GC heap before
{Heap before GC invocations=4 (full 0):
 garbage-first heap   total 55296K, used 37861K [0x0000000709000000, 0x0000000800000000)
  region size 2048K, 16 young (32768K), 2 survivors (4096K)
 Metaspace       used 24056K, committed 24192K, reserved 1114112K
  class space    used 2492K, committed 2560K, reserved 1048576K
}
Event: 2.719 GC heap after
{Heap after GC invocations=5 (full 0):
 garbage-first heap   total 55296K, used 10336K [0x0000000709000000, 0x0000000800000000)
  region size 2048K, 2 young (4096K), 2 survivors (4096K)
 Metaspace       used 24056K, committed 24192K, reserved 1114112K
  class space    used 2492K, committed 2560K, reserved 1048576K
}
Event: 3.122 GC heap before
{Heap before GC invocations=5 (full 0):
 garbage-first heap   total 55296K, used 12384K [0x0000000709000000, 0x0000000800000000)
  region size 2048K, 3 young (6144K), 2 survivors (4096K)
 Metaspace       used 24478K, committed 24704K, reserved 1114112K
  class space    used 2519K, committed 2624K, reserved 1048576K
}
Event: 3.128 GC heap after
{Heap after GC invocations=6 (full 0):
 garbage-first heap   total 55296K, used 10503K [0x0000000709000000, 0x0000000800000000)
  region size 2048K, 1 young (2048K), 1 survivors (2048K)
 Metaspace       used 24478K, committed 24704K, reserved 1114112K
  class space    used 2519K, committed 2624K, reserved 1048576K
}

